#-----------------------------------------------------------
# Vivado v2024.2 (64-bit)
# SW Build 5239630 on Fri Nov 08 22:35:27 MST 2024
# IP Build 5239520 on Sun Nov 10 16:12:51 MST 2024
# SharedData Build 5239561 on Fri Nov 08 14:39:27 MST 2024
# Start of session at: Fri Jan 23 13:51:47 2026
# Process ID         : 21912
# Current directory  : C:/Users/C27Brandon.Sweitzer/workspace/ece383_wksp/Lab1-demo
# Command line       : vivado.exe -gui_launcher_event rodinguilauncherevent33064 C:\Users\C27Brandon.Sweitzer\workspace\ece383_wksp\Lab1-demo\Lab1-demo.xpr
# Log file           : C:/Users/C27Brandon.Sweitzer/workspace/ece383_wksp/Lab1-demo/vivado.log
# Journal file       : C:/Users/C27Brandon.Sweitzer/workspace/ece383_wksp/Lab1-demo\vivado.jou
# Running On         : C27-5CG31328K0
# Platform           : Windows Server 2016 or Windows 10
# Operating System   : 22631
# Processor Detail   : AMD Ryzen 7 PRO 6850U with Radeon Graphics     
# CPU Frequency      : 2695 MHz
# CPU Physical cores : 8
# CPU Logical cores  : 16
# Host memory        : 16442 MB
# Swap memory        : 47185 MB
# Total Virtual      : 63628 MB
# Available Virtual  : 45744 MB
#-----------------------------------------------------------
start_gui
open_project C:/Users/C27Brandon.Sweitzer/workspace/ece383_wksp/Lab1-demo/Lab1-demo.xpr
Scanning sources...
Finished scanning sources
INFO: [IP_Flow 19-234] Refreshing IP repositories
INFO: [IP_Flow 19-1704] No user IP repositories specified
INFO: [IP_Flow 19-2313] Loaded Vivado IP repository 'C:/Xilinx/Vivado/2024.2/data/ip'.
open_project: Time (s): cpu = 00:00:05 ; elapsed = 00:00:06 . Memory (MB): peak = 1119.492 ; gain = 57.391
update_compile_order -fileset sources_1
exit
INFO: [Common 17-206] Exiting Vivado at Fri Jan 23 13:52:11 2026...
